2024-03-14 11:38:19,567 - INFO - Scraping the data of "キャラメリー ミルクコーヒー フラペチーノ®" of "https://menu.starbucks.co.jp/4524785556911"
2024-03-14 11:38:38,551 - WARNING - Failed to choose Tall size during processing "キャラメリー ミルクコーヒー フラペチーノ®" of "https://menu.starbucks.co.jp/4524785556911"
2024-03-14 11:38:38,656 - INFO - Successfully retrieved the data of "キャラメリー ミルクコーヒー フラペチーノ®" of "https://menu.starbucks.co.jp/4524785556911"
2024-03-14 11:38:58,358 - INFO - Scraping the data of "宇治抹茶ホワイトチョコスコーン" of "https://menu.starbucks.co.jp/4524785561342"
2024-03-14 11:39:14,077 - WARNING - Failed to choose Tall size during processing "宇治抹茶ホワイトチョコスコーン" of "https://menu.starbucks.co.jp/4524785561342"
2024-03-14 11:39:14,144 - INFO - Successfully retrieved the data of "宇治抹茶ホワイトチョコスコーン" of "https://menu.starbucks.co.jp/4524785561342"
2024-03-14 11:39:23,731 - INFO - Scraping the data of "チョコレートデニッシュ" of "https://menu.starbucks.co.jp/4524785561373"
2024-03-14 11:39:37,275 - WARNING - Failed to choose Tall size during processing "チョコレートデニッシュ" of "https://menu.starbucks.co.jp/4524785561373"
2024-03-14 11:39:37,343 - INFO - Successfully retrieved the data of "チョコレートデニッシュ" of "https://menu.starbucks.co.jp/4524785561373"
2024-03-14 11:39:43,445 - INFO - Scraping the data of "ダブル ハム＆マリボーチーズ 石窯フィローネ" of "https://menu.starbucks.co.jp/4524785561793"
2024-03-14 11:39:56,581 - WARNING - Failed to choose Tall size during processing "ダブル ハム＆マリボーチーズ 石窯フィローネ" of "https://menu.starbucks.co.jp/4524785561793"
2024-03-14 11:39:56,649 - INFO - Successfully retrieved the data of "ダブル ハム＆マリボーチーズ 石窯フィローネ" of "https://menu.starbucks.co.jp/4524785561793"
2024-03-14 11:40:06,153 - INFO - Scraping the data of "チキン＆チーズ ホットトルティーヤ" of "https://menu.starbucks.co.jp/4524785561809"
2024-03-14 11:40:19,819 - WARNING - Failed to choose Tall size during processing "チキン＆チーズ ホットトルティーヤ" of "https://menu.starbucks.co.jp/4524785561809"
2024-03-14 11:40:19,885 - INFO - Successfully retrieved the data of "チキン＆チーズ ホットトルティーヤ" of "https://menu.starbucks.co.jp/4524785561809"
2024-03-14 11:51:30,217 - INFO - Scraping the data of "キャラメリー ミルクコーヒー フラペチーノ®" of "https://menu.starbucks.co.jp/4524785556911"
2024-03-14 11:51:48,746 - WARNING - Failed to choose Tall size during processing "キャラメリー ミルクコーヒー フラペチーノ®" of "https://menu.starbucks.co.jp/4524785556911"
2024-03-14 11:51:48,826 - INFO - Successfully retrieved the data of "キャラメリー ミルクコーヒー フラペチーノ®" of "https://menu.starbucks.co.jp/4524785556911"
2024-03-14 11:52:08,601 - INFO - Scraping the data of "宇治抹茶ホワイトチョコスコーン" of "https://menu.starbucks.co.jp/4524785561342"
2024-03-14 11:52:24,024 - WARNING - Failed to choose Tall size during processing "宇治抹茶ホワイトチョコスコーン" of "https://menu.starbucks.co.jp/4524785561342"
2024-03-14 11:52:24,363 - INFO - Successfully retrieved the data of "宇治抹茶ホワイトチョコスコーン" of "https://menu.starbucks.co.jp/4524785561342"
2024-03-14 11:52:55,212 - INFO - Scraping the data of "チョコレートデニッシュ" of "https://menu.starbucks.co.jp/4524785561373"
2024-03-14 11:53:08,946 - WARNING - Failed to choose Tall size during processing "チョコレートデニッシュ" of "https://menu.starbucks.co.jp/4524785561373"
2024-03-14 11:53:09,016 - INFO - Successfully retrieved the data of "チョコレートデニッシュ" of "https://menu.starbucks.co.jp/4524785561373"
2024-03-14 11:53:38,580 - INFO - Scraping the data of "ダブル ハム＆マリボーチーズ 石窯フィローネ" of "https://menu.starbucks.co.jp/4524785561793"
2024-03-14 11:53:57,059 - WARNING - Failed to choose Tall size during processing "ダブル ハム＆マリボーチーズ 石窯フィローネ" of "https://menu.starbucks.co.jp/4524785561793"
2024-03-14 11:53:58,097 - INFO - Successfully retrieved the data of "ダブル ハム＆マリボーチーズ 石窯フィローネ" of "https://menu.starbucks.co.jp/4524785561793"
2024-03-14 11:54:45,942 - INFO - Scraping the data of "チキン＆チーズ ホットトルティーヤ" of "https://menu.starbucks.co.jp/4524785561809"
2024-03-14 11:54:59,644 - WARNING - Failed to choose Tall size during processing "チキン＆チーズ ホットトルティーヤ" of "https://menu.starbucks.co.jp/4524785561809"
2024-03-14 11:54:59,713 - INFO - Successfully retrieved the data of "チキン＆チーズ ホットトルティーヤ" of "https://menu.starbucks.co.jp/4524785561809"
