2023-12-29 20:25:19,977 - INFO - Scraping the list page.
2023-12-29 20:25:21,262 - INFO - Successfully retrieved the list of data.
2023-12-29 20:26:23,265 - INFO - Scraping the data of "ハム＆マリボーチーズ 石窯フィローネ" of "https://menu.starbucks.co.jp/4524785447462"
2023-12-29 20:26:41,886 - WARNING - Failed to choose Tall size during processing "ハム＆マリボーチーズ 石窯フィローネ" of "https://menu.starbucks.co.jp/4524785447462"
2023-12-29 20:26:42,007 - INFO - Successfully retrieved the data of "ハム＆マリボーチーズ 石窯フィローネ" of "https://menu.starbucks.co.jp/4524785447462"
2023-12-29 20:27:03,871 - INFO - Scraping the data of "ヴィーナソーセージ 石窯フィローネ" of "https://menu.starbucks.co.jp/4524785516144"
2023-12-29 20:27:18,211 - WARNING - Failed to choose Tall size during processing "ヴィーナソーセージ 石窯フィローネ" of "https://menu.starbucks.co.jp/4524785516144"
2023-12-29 20:27:18,273 - INFO - Successfully retrieved the data of "ヴィーナソーセージ 石窯フィローネ" of "https://menu.starbucks.co.jp/4524785516144"
2023-12-29 20:27:35,755 - INFO - Scraping the data of "バジルチキン＆トマトモッツァレラ 石窯フィローネ" of "https://menu.starbucks.co.jp/4524785552524"
2023-12-29 20:27:48,917 - WARNING - Failed to choose Tall size during processing "バジルチキン＆トマトモッツァレラ 石窯フィローネ" of "https://menu.starbucks.co.jp/4524785552524"
2023-12-29 20:27:48,978 - INFO - Successfully retrieved the data of "バジルチキン＆トマトモッツァレラ 石窯フィローネ" of "https://menu.starbucks.co.jp/4524785552524"
2023-12-29 20:27:57,396 - INFO - Scraping the data of "キーマカレー 石窯フィローネ" of "https://menu.starbucks.co.jp/4524785537392"
2023-12-29 20:28:12,629 - WARNING - Failed to choose Tall size during processing "キーマカレー 石窯フィローネ" of "https://menu.starbucks.co.jp/4524785537392"
2023-12-29 20:28:12,704 - INFO - Successfully retrieved the data of "キーマカレー 石窯フィローネ" of "https://menu.starbucks.co.jp/4524785537392"
2023-12-29 20:28:19,856 - INFO - Scraping the data of "あらびきソーセージパティ＆スクランブルエッグ イングリッシュマフィン" of "https://menu.starbucks.co.jp/4524785521964"
2023-12-29 20:28:38,857 - WARNING - Failed to choose Tall size during processing "あらびきソーセージパティ＆スクランブルエッグ イングリッシュマフィン" of "https://menu.starbucks.co.jp/4524785521964"
2023-12-29 20:28:38,916 - INFO - Successfully retrieved the data of "あらびきソーセージパティ＆スクランブルエッグ イングリッシュマフィン" of "https://menu.starbucks.co.jp/4524785521964"
2023-12-29 20:28:54,692 - INFO - Scraping the data of "セミドライトマトのピザトースト" of "https://menu.starbucks.co.jp/4524785552517"
2023-12-29 20:29:07,965 - WARNING - Failed to choose Tall size during processing "セミドライトマトのピザトースト" of "https://menu.starbucks.co.jp/4524785552517"
2023-12-29 20:29:08,027 - INFO - Successfully retrieved the data of "セミドライトマトのピザトースト" of "https://menu.starbucks.co.jp/4524785552517"
2023-12-29 20:29:27,827 - INFO - Scraping the data of "クラブハウスサンド 石窯カンパーニュ" of "https://menu.starbucks.co.jp/4524785546769"
2023-12-29 20:29:42,089 - WARNING - Failed to choose Tall size during processing "クラブハウスサンド 石窯カンパーニュ" of "https://menu.starbucks.co.jp/4524785546769"
2023-12-29 20:29:42,160 - INFO - Successfully retrieved the data of "クラブハウスサンド 石窯カンパーニュ" of "https://menu.starbucks.co.jp/4524785546769"
2023-12-29 20:30:05,175 - INFO - Scraping the data of "ハム＆クリームチーズ 石窯カンパーニュ" of "https://menu.starbucks.co.jp/4524785531918"
2023-12-29 20:30:18,264 - WARNING - Failed to choose Tall size during processing "ハム＆クリームチーズ 石窯カンパーニュ" of "https://menu.starbucks.co.jp/4524785531918"
2023-12-29 20:30:18,322 - INFO - Successfully retrieved the data of "ハム＆クリームチーズ 石窯カンパーニュ" of "https://menu.starbucks.co.jp/4524785531918"
2023-12-29 20:30:58,762 - INFO - Scraping the data of "根菜チキン サラダラップ" of "https://menu.starbucks.co.jp/4524785529779"
2023-12-29 20:31:13,350 - WARNING - Failed to choose Tall size during processing "根菜チキン サラダラップ" of "https://menu.starbucks.co.jp/4524785529779"
2023-12-29 20:31:13,438 - INFO - Successfully retrieved the data of "根菜チキン サラダラップ" of "https://menu.starbucks.co.jp/4524785529779"
2023-12-29 20:31:37,236 - INFO - Scraping the data of "えびアボカド サラダラップ" of "https://menu.starbucks.co.jp/4524785558342"
2023-12-29 20:31:52,550 - WARNING - Failed to choose Tall size during processing "えびアボカド サラダラップ" of "https://menu.starbucks.co.jp/4524785558342"
2023-12-29 20:31:57,051 - INFO - Successfully retrieved the data of "えびアボカド サラダラップ" of "https://menu.starbucks.co.jp/4524785558342"
