2023-12-29 19:10:21,820 - INFO - Scraping the list page.
2023-12-29 19:10:22,151 - INFO - Successfully retrieved the list of data.
2023-12-29 19:11:25,816 - INFO - Scraping the data of "ほうじ茶 まろやか キャラメル ティー ラテ" of "https://menu.starbucks.co.jp/4524785556607"
2023-12-29 19:11:36,139 - INFO - Successfully retrieved the data of "ほうじ茶 まろやか キャラメル ティー ラテ" of "https://menu.starbucks.co.jp/4524785556607"
2023-12-29 19:11:56,166 - INFO - Scraping the data of "ストロベリー ラベンダー ティー ラテ" of "https://menu.starbucks.co.jp/4524785556645"
2023-12-29 19:12:03,350 - INFO - Successfully retrieved the data of "ストロベリー ラベンダー ティー ラテ" of "https://menu.starbucks.co.jp/4524785556645"
2023-12-29 19:12:18,719 - INFO - Scraping the data of "ソイ チャイ ティー ラテ" of "https://menu.starbucks.co.jp/4524785514560"
2023-12-29 19:12:25,167 - INFO - Successfully retrieved the data of "ソイ チャイ ティー ラテ" of "https://menu.starbucks.co.jp/4524785514560"
2023-12-29 19:12:35,936 - INFO - Scraping the data of "ジョイフルメドレー ティー ラテ" of "https://menu.starbucks.co.jp/4524785343993"
2023-12-29 19:12:41,231 - INFO - Successfully retrieved the data of "ジョイフルメドレー ティー ラテ" of "https://menu.starbucks.co.jp/4524785343993"
2023-12-29 19:12:48,373 - INFO - Scraping the data of "ジョイフルメドレー" of "https://menu.starbucks.co.jp/4524785348035"
2023-12-29 19:12:53,930 - INFO - Successfully retrieved the data of "ジョイフルメドレー" of "https://menu.starbucks.co.jp/4524785348035"
2023-12-29 19:13:02,078 - INFO - Scraping the data of "ゆず シトラス & ティー" of "https://menu.starbucks.co.jp/4524785461154"
2023-12-29 19:13:12,833 - INFO - Successfully retrieved the data of "ゆず シトラス & ティー" of "https://menu.starbucks.co.jp/4524785461154"
2023-12-29 19:13:35,659 - INFO - Scraping the data of "チャイ ティー ラテ" of "https://menu.starbucks.co.jp/4524785034204"
2023-12-29 19:13:41,851 - INFO - Successfully retrieved the data of "チャイ ティー ラテ" of "https://menu.starbucks.co.jp/4524785034204"
2023-12-29 19:14:05,026 - INFO - Scraping the data of "ほうじ茶 ティー ラテ" of "https://menu.starbucks.co.jp/4524785154681"
2023-12-29 19:14:11,266 - INFO - Successfully retrieved the data of "ほうじ茶 ティー ラテ" of "https://menu.starbucks.co.jp/4524785154681"
2023-12-29 19:14:32,197 - INFO - Scraping the data of "抹茶 ティー ラテ" of "https://menu.starbucks.co.jp/4524785106499"
2023-12-29 19:14:38,105 - INFO - Successfully retrieved the data of "抹茶 ティー ラテ" of "https://menu.starbucks.co.jp/4524785106499"
2023-12-29 19:14:57,114 - INFO - Scraping the data of "イングリッシュ ブレックファスト ティー ラテ" of "https://menu.starbucks.co.jp/4524785304970"
2023-12-29 19:15:03,674 - INFO - Successfully retrieved the data of "イングリッシュ ブレックファスト ティー ラテ" of "https://menu.starbucks.co.jp/4524785304970"
2023-12-29 19:15:21,970 - INFO - Scraping the data of "カモミール ティー ラテ" of "https://menu.starbucks.co.jp/4524785305465"
2023-12-29 19:15:30,761 - INFO - Successfully retrieved the data of "カモミール ティー ラテ" of "https://menu.starbucks.co.jp/4524785305465"
2023-12-29 19:16:13,923 - INFO - Scraping the data of "アール グレイ ティー ラテ" of "https://menu.starbucks.co.jp/4524785305076"
2023-12-29 19:16:26,028 - INFO - Successfully retrieved the data of "アール グレイ ティー ラテ" of "https://menu.starbucks.co.jp/4524785305076"
2023-12-29 19:17:55,240 - INFO - Scraping the data of "ゼンクラウド ウーロン ティー ラテ" of "https://menu.starbucks.co.jp/4524785492820"
2023-12-29 19:18:04,881 - INFO - Successfully retrieved the data of "ゼンクラウド ウーロン ティー ラテ" of "https://menu.starbucks.co.jp/4524785492820"
2023-12-29 19:18:49,937 - INFO - Scraping the data of "アイスティー(ブラック)" of "https://menu.starbucks.co.jp/4524785024748"
2023-12-29 19:19:11,864 - INFO - Successfully retrieved the data of "アイスティー(ブラック)" of "https://menu.starbucks.co.jp/4524785024748"
2023-12-29 19:20:44,963 - INFO - Scraping the data of "アイスティー(パッション)" of "https://menu.starbucks.co.jp/4524785349193"
2023-12-29 19:20:57,519 - INFO - Successfully retrieved the data of "アイスティー(パッション)" of "https://menu.starbucks.co.jp/4524785349193"
2023-12-29 19:22:16,167 - INFO - Scraping the data of "イングリッシュ ブレックファスト" of "https://menu.starbucks.co.jp/4524785305328"
2023-12-29 19:22:24,614 - INFO - Successfully retrieved the data of "イングリッシュ ブレックファスト" of "https://menu.starbucks.co.jp/4524785305328"
2023-12-29 19:23:22,674 - INFO - Scraping the data of "アール グレイ" of "https://menu.starbucks.co.jp/4524785305366"
2023-12-29 19:23:31,512 - INFO - Successfully retrieved the data of "アール グレイ" of "https://menu.starbucks.co.jp/4524785305366"
2023-12-29 19:24:30,261 - INFO - Scraping the data of "カモミール" of "https://menu.starbucks.co.jp/4524785305571"
2023-12-29 19:25:05,424 - INFO - Successfully retrieved the data of "カモミール" of "https://menu.starbucks.co.jp/4524785305571"
2023-12-29 19:26:29,747 - INFO - Scraping the data of "ユースベリー®" of "https://menu.starbucks.co.jp/4524785309104"
2023-12-29 19:26:41,601 - INFO - Successfully retrieved the data of "ユースベリー®" of "https://menu.starbucks.co.jp/4524785309104"
2023-12-29 19:28:29,917 - INFO - Scraping the data of "ほうじ茶" of "https://menu.starbucks.co.jp/4524785155473"
2023-12-29 19:28:38,931 - INFO - Successfully retrieved the data of "ほうじ茶" of "https://menu.starbucks.co.jp/4524785155473"
2023-12-29 19:29:25,320 - INFO - Scraping the data of "ゼンクラウド ウーロン" of "https://menu.starbucks.co.jp/4524785492868"
2023-12-29 19:29:36,342 - INFO - Successfully retrieved the data of "ゼンクラウド ウーロン" of "https://menu.starbucks.co.jp/4524785492868"
2023-12-29 19:30:19,955 - INFO - Scraping the data of "ゆず & シトラス ラベンダー セージ ティー" of "https://menu.starbucks.co.jp/4524785445499"
2023-12-29 19:30:38,970 - WARNING - Failed to choose Tall size during processing "ゆず & シトラス ラベンダー セージ ティー" of "https://menu.starbucks.co.jp/4524785445499"
2023-12-29 19:30:42,262 - INFO - Successfully retrieved the data of "ゆず & シトラス ラベンダー セージ ティー" of "https://menu.starbucks.co.jp/4524785445499"
2023-12-29 19:32:32,438 - INFO - Scraping the data of "ストロベリー & パッション ティー" of "https://menu.starbucks.co.jp/4524785445529"
2023-12-29 19:32:55,092 - WARNING - Failed to choose Tall size during processing "ストロベリー & パッション ティー" of "https://menu.starbucks.co.jp/4524785445529"
2023-12-29 19:32:55,153 - INFO - Successfully retrieved the data of "ストロベリー & パッション ティー" of "https://menu.starbucks.co.jp/4524785445529"
2023-12-29 19:33:56,268 - INFO - Scraping the data of "和三蜜 抹茶 ティー ラテ" of "https://menu.starbucks.co.jp/4524785445628"
2023-12-29 19:34:17,111 - WARNING - Failed to choose Tall size during processing "和三蜜 抹茶 ティー ラテ" of "https://menu.starbucks.co.jp/4524785445628"
2023-12-29 19:34:17,211 - INFO - Successfully retrieved the data of "和三蜜 抹茶 ティー ラテ" of "https://menu.starbucks.co.jp/4524785445628"
2023-12-29 19:34:56,866 - INFO - Scraping the data of "和三蜜 ほうじ茶 ティー ラテ" of "https://menu.starbucks.co.jp/4524785445611"
2023-12-29 19:35:19,594 - WARNING - Failed to choose Tall size during processing "和三蜜 ほうじ茶 ティー ラテ" of "https://menu.starbucks.co.jp/4524785445611"
2023-12-29 19:35:19,664 - INFO - Successfully retrieved the data of "和三蜜 ほうじ茶 ティー ラテ" of "https://menu.starbucks.co.jp/4524785445611"
2023-12-29 19:35:57,579 - INFO - Scraping the data of "ジャパニーズ チャイ ティー ラテ" of "https://menu.starbucks.co.jp/4524785498372"
2023-12-29 19:36:20,876 - WARNING - Failed to choose Tall size during processing "ジャパニーズ チャイ ティー ラテ" of "https://menu.starbucks.co.jp/4524785498372"
2023-12-29 19:36:20,988 - INFO - Successfully retrieved the data of "ジャパニーズ チャイ ティー ラテ" of "https://menu.starbucks.co.jp/4524785498372"
2023-12-29 19:37:03,123 - INFO - Scraping the data of "アイスティー（シトラス ラベンダー セージ）" of "https://menu.starbucks.co.jp/4524785519381"
2023-12-29 19:37:22,527 - WARNING - Failed to choose Tall size during processing "アイスティー（シトラス ラベンダー セージ）" of "https://menu.starbucks.co.jp/4524785519381"
2023-12-29 19:37:22,595 - INFO - Successfully retrieved the data of "アイスティー（シトラス ラベンダー セージ）" of "https://menu.starbucks.co.jp/4524785519381"
2023-12-29 19:39:08,497 - INFO - Scraping the data of "アール グレイ クラシックティー ラテ" of "https://menu.starbucks.co.jp/4524785538993"
2023-12-29 19:39:27,857 - WARNING - Failed to choose Tall size during processing "アール グレイ クラシックティー ラテ" of "https://menu.starbucks.co.jp/4524785538993"
2023-12-29 19:39:27,926 - INFO - Successfully retrieved the data of "アール グレイ クラシックティー ラテ" of "https://menu.starbucks.co.jp/4524785538993"
2023-12-29 19:39:57,770 - INFO - Scraping the data of "シトラス ラベンダー セージ" of "https://menu.starbucks.co.jp/4524785533394"
2023-12-29 19:40:16,607 - WARNING - Failed to choose Tall size during processing "シトラス ラベンダー セージ" of "https://menu.starbucks.co.jp/4524785533394"
2023-12-29 19:40:16,668 - INFO - Successfully retrieved the data of "シトラス ラベンダー セージ" of "https://menu.starbucks.co.jp/4524785533394"
2023-12-29 19:42:14,380 - INFO - Scraping the data of "アイスティー(アール グレイ)" of "https://menu.starbucks.co.jp/4524785538948"
2023-12-29 19:42:38,843 - INFO - Successfully retrieved the data of "アイスティー(アール グレイ)" of "https://menu.starbucks.co.jp/4524785538948"
2023-12-29 19:44:42,309 - INFO - Scraping the data of "ジョイフルメドレー フルリーフ" of "https://menu.starbucks.co.jp/4524785557222"
2023-12-29 19:45:14,817 - WARNING - Failed to choose Tall size during processing "ジョイフルメドレー フルリーフ" of "https://menu.starbucks.co.jp/4524785557222"
2023-12-29 19:45:14,987 - INFO - Successfully retrieved the data of "ジョイフルメドレー フルリーフ" of "https://menu.starbucks.co.jp/4524785557222"
2023-12-29 19:47:06,268 - INFO - Scraping the data of "ジョイフルメドレー アプリコット ＆ ムース ティー ラテ" of "https://menu.starbucks.co.jp/4524785484887"
2023-12-29 19:47:32,523 - WARNING - Failed to choose Tall size during processing "ジョイフルメドレー アプリコット ＆ ムース ティー ラテ" of "https://menu.starbucks.co.jp/4524785484887"
2023-12-29 19:47:32,586 - INFO - Successfully retrieved the data of "ジョイフルメドレー アプリコット ＆ ムース ティー ラテ" of "https://menu.starbucks.co.jp/4524785484887"
2023-12-29 19:49:32,079 - INFO - Scraping the data of "ルワンダ ブラック ティー" of "https://menu.starbucks.co.jp/4524785550834"
2023-12-29 19:50:04,571 - WARNING - Failed to choose Tall size during processing "ルワンダ ブラック ティー" of "https://menu.starbucks.co.jp/4524785550834"
2023-12-29 19:50:04,635 - INFO - Successfully retrieved the data of "ルワンダ ブラック ティー" of "https://menu.starbucks.co.jp/4524785550834"
2023-12-29 19:51:09,369 - INFO - Scraping the data of "ルイボス ティー ラテ" of "https://menu.starbucks.co.jp/4524785550827"
2023-12-29 19:51:24,321 - WARNING - Failed to choose Tall size during processing "ルイボス ティー ラテ" of "https://menu.starbucks.co.jp/4524785550827"
2023-12-29 19:51:24,384 - INFO - Successfully retrieved the data of "ルイボス ティー ラテ" of "https://menu.starbucks.co.jp/4524785550827"
2023-12-29 19:52:22,760 - INFO - Scraping the data of "マジェスティック チャイ ウーロン" of "https://menu.starbucks.co.jp/4524785533400"
2023-12-29 19:52:46,082 - WARNING - Failed to choose Tall size during processing "マジェスティック チャイ ウーロン" of "https://menu.starbucks.co.jp/4524785533400"
2023-12-29 19:52:49,247 - INFO - Successfully retrieved the data of "マジェスティック チャイ ウーロン" of "https://menu.starbucks.co.jp/4524785533400"
