2024-02-15 15:39:32,974 - INFO - Scraping the data of "花見だんご フラペチーノ®" of "https://menu.starbucks.co.jp/4524785514980"
2024-02-15 15:39:48,256 - WARNING - Failed to choose Tall size during processing "花見だんご フラペチーノ®" of "https://menu.starbucks.co.jp/4524785514980"
2024-02-15 15:39:48,357 - INFO - Successfully retrieved the data of "花見だんご フラペチーノ®" of "https://menu.starbucks.co.jp/4524785514980"
2024-02-15 15:40:15,233 - INFO - Scraping the data of "ピーチ トランクイリティ ティー フラペチーノ®" of "https://menu.starbucks.co.jp/4524785484740"
2024-02-15 15:40:29,430 - WARNING - Failed to choose Tall size during processing "ピーチ トランクイリティ ティー フラペチーノ®" of "https://menu.starbucks.co.jp/4524785484740"
2024-02-15 15:40:29,502 - INFO - Successfully retrieved the data of "ピーチ トランクイリティ ティー フラペチーノ®" of "https://menu.starbucks.co.jp/4524785484740"
2024-02-15 15:40:52,903 - INFO - Scraping the data of "ピーチ トランクイリティ ムース ティー ラテ" of "https://menu.starbucks.co.jp/4524785484764"
2024-02-15 15:41:08,961 - WARNING - Failed to choose Tall size during processing "ピーチ トランクイリティ ムース ティー ラテ" of "https://menu.starbucks.co.jp/4524785484764"
2024-02-15 15:41:09,039 - INFO - Successfully retrieved the data of "ピーチ トランクイリティ ムース ティー ラテ" of "https://menu.starbucks.co.jp/4524785484764"
2024-02-15 15:42:04,629 - INFO - Scraping the data of "アイス ティー(ピーチ トランクイリティ)" of "https://menu.starbucks.co.jp/4524785543232"
2024-02-15 15:42:18,662 - WARNING - Failed to choose Tall size during processing "アイス ティー(ピーチ トランクイリティ)" of "https://menu.starbucks.co.jp/4524785543232"
2024-02-15 15:42:18,740 - INFO - Successfully retrieved the data of "アイス ティー(ピーチ トランクイリティ)" of "https://menu.starbucks.co.jp/4524785543232"
2024-02-15 15:42:48,130 - INFO - Scraping the data of "ピーチ トランクイリティ" of "https://menu.starbucks.co.jp/4524785558472"
2024-02-15 15:43:03,613 - WARNING - Failed to choose Tall size during processing "ピーチ トランクイリティ" of "https://menu.starbucks.co.jp/4524785558472"
2024-02-15 15:43:03,694 - INFO - Successfully retrieved the data of "ピーチ トランクイリティ" of "https://menu.starbucks.co.jp/4524785558472"
2024-02-15 15:43:23,150 - INFO - Scraping the data of "さくらシフォンケーキ" of "https://menu.starbucks.co.jp/4524785498914"
2024-02-15 15:43:38,419 - WARNING - Failed to choose Tall size during processing "さくらシフォンケーキ" of "https://menu.starbucks.co.jp/4524785498914"
2024-02-15 15:43:38,520 - INFO - Successfully retrieved the data of "さくらシフォンケーキ" of "https://menu.starbucks.co.jp/4524785498914"
2024-02-15 15:44:02,091 - INFO - Scraping the data of "もっちりあんボール さくら＆抹茶" of "https://menu.starbucks.co.jp/4524785560277"
2024-02-15 15:44:15,351 - WARNING - Failed to choose Tall size during processing "もっちりあんボール さくら＆抹茶" of "https://menu.starbucks.co.jp/4524785560277"
2024-02-15 15:44:15,395 - INFO - Successfully retrieved the data of "もっちりあんボール さくら＆抹茶" of "https://menu.starbucks.co.jp/4524785560277"
2024-02-15 15:44:55,133 - INFO - Scraping the data of "さくらドーナツ" of "https://menu.starbucks.co.jp/4524785530362"
2024-02-15 15:45:20,596 - WARNING - Failed to choose Tall size during processing "さくらドーナツ" of "https://menu.starbucks.co.jp/4524785530362"
2024-02-15 15:45:20,658 - INFO - Successfully retrieved the data of "さくらドーナツ" of "https://menu.starbucks.co.jp/4524785530362"
2024-02-15 15:46:03,630 - INFO - Scraping the data of "2種のボールクッキー（さくら＆抹茶）" of "https://menu.starbucks.co.jp/4524785559714"
2024-02-15 15:46:20,117 - WARNING - Failed to choose Tall size during processing "2種のボールクッキー（さくら＆抹茶）" of "https://menu.starbucks.co.jp/4524785559714"
2024-02-15 15:46:20,191 - INFO - Successfully retrieved the data of "2種のボールクッキー（さくら＆抹茶）" of "https://menu.starbucks.co.jp/4524785559714"
