2023-12-29 19:54:05,751 - INFO - Scraping the list page.
2023-12-29 19:54:07,599 - INFO - Successfully retrieved the list of data.
2023-12-29 19:55:25,662 - INFO - Scraping the data of "ニューヨークチーズケーキ" of "https://menu.starbucks.co.jp/4524785308985"
2023-12-29 19:55:51,066 - WARNING - Failed to choose Tall size during processing "ニューヨークチーズケーキ" of "https://menu.starbucks.co.jp/4524785308985"
2023-12-29 19:55:51,200 - INFO - Successfully retrieved the data of "ニューヨークチーズケーキ" of "https://menu.starbucks.co.jp/4524785308985"
2023-12-29 19:56:26,217 - INFO - Scraping the data of "米粉の抹茶ロールケーキ" of "https://menu.starbucks.co.jp/4524785555723"
2023-12-29 19:56:43,644 - WARNING - Failed to choose Tall size during processing "米粉の抹茶ロールケーキ" of "https://menu.starbucks.co.jp/4524785555723"
2023-12-29 19:56:43,703 - INFO - Successfully retrieved the data of "米粉の抹茶ロールケーキ" of "https://menu.starbucks.co.jp/4524785555723"
2023-12-29 19:57:40,781 - INFO - Scraping the data of "オレンジのカスタードタルト" of "https://menu.starbucks.co.jp/4524785555716"
2023-12-29 19:57:56,496 - WARNING - Failed to choose Tall size during processing "オレンジのカスタードタルト" of "https://menu.starbucks.co.jp/4524785555716"
2023-12-29 19:57:56,552 - INFO - Successfully retrieved the data of "オレンジのカスタードタルト" of "https://menu.starbucks.co.jp/4524785555716"
2023-12-29 19:58:48,117 - INFO - Scraping the data of "チョコレートクランブル ムースケーキ" of "https://menu.starbucks.co.jp/4524785553378"
2023-12-29 19:59:01,620 - WARNING - Failed to choose Tall size during processing "チョコレートクランブル ムースケーキ" of "https://menu.starbucks.co.jp/4524785553378"
2023-12-29 19:59:01,693 - INFO - Successfully retrieved the data of "チョコレートクランブル ムースケーキ" of "https://menu.starbucks.co.jp/4524785553378"
2023-12-29 19:59:53,516 - INFO - Scraping the data of "ナッツ＆キャラメルチーズケーキ" of "https://menu.starbucks.co.jp/4524785553415"
2023-12-29 20:00:09,842 - WARNING - Failed to choose Tall size during processing "ナッツ＆キャラメルチーズケーキ" of "https://menu.starbucks.co.jp/4524785553415"
2023-12-29 20:00:09,897 - INFO - Successfully retrieved the data of "ナッツ＆キャラメルチーズケーキ" of "https://menu.starbucks.co.jp/4524785553415"
2023-12-29 20:00:58,500 - INFO - Scraping the data of "ホワイトモカケーキ" of "https://menu.starbucks.co.jp/4524785453470"
2023-12-29 20:01:17,007 - WARNING - Failed to choose Tall size during processing "ホワイトモカケーキ" of "https://menu.starbucks.co.jp/4524785453470"
2023-12-29 20:01:17,069 - INFO - Successfully retrieved the data of "ホワイトモカケーキ" of "https://menu.starbucks.co.jp/4524785453470"
2023-12-29 20:02:04,359 - INFO - Scraping the data of "宇治抹茶シフォンケーキ" of "https://menu.starbucks.co.jp/4524785488816"
2023-12-29 20:02:25,942 - WARNING - Failed to choose Tall size during processing "宇治抹茶シフォンケーキ" of "https://menu.starbucks.co.jp/4524785488816"
2023-12-29 20:02:26,001 - INFO - Successfully retrieved the data of "宇治抹茶シフォンケーキ" of "https://menu.starbucks.co.jp/4524785488816"
