2023-12-29 20:06:15,230 - INFO - Scraping the list page.
2023-12-29 20:06:15,620 - INFO - Successfully retrieved the list of data.
2023-12-29 20:07:16,223 - INFO - Scraping the data of "チョコレートチャンクスコーン" of "https://menu.starbucks.co.jp/4524785496972"
2023-12-29 20:07:34,900 - WARNING - Failed to choose Tall size during processing "チョコレートチャンクスコーン" of "https://menu.starbucks.co.jp/4524785496972"
2023-12-29 20:07:35,013 - INFO - Successfully retrieved the data of "チョコレートチャンクスコーン" of "https://menu.starbucks.co.jp/4524785496972"
2023-12-29 20:07:49,982 - INFO - Scraping the data of "キャラメルトフィースコーン" of "https://menu.starbucks.co.jp/4524785523043"
2023-12-29 20:08:11,127 - WARNING - Failed to choose Tall size during processing "キャラメルトフィースコーン" of "https://menu.starbucks.co.jp/4524785523043"
2023-12-29 20:08:11,187 - INFO - Successfully retrieved the data of "キャラメルトフィースコーン" of "https://menu.starbucks.co.jp/4524785523043"
2023-12-29 20:08:57,789 - INFO - Scraping the data of "シナモンロール" of "https://menu.starbucks.co.jp/4524785508361"
2023-12-29 20:09:21,698 - WARNING - Failed to choose Tall size during processing "シナモンロール" of "https://menu.starbucks.co.jp/4524785508361"
2023-12-29 20:09:21,762 - INFO - Successfully retrieved the data of "シナモンロール" of "https://menu.starbucks.co.jp/4524785508361"
2023-12-29 20:10:14,524 - INFO - Scraping the data of "アメリカンワッフル" of "https://menu.starbucks.co.jp/4524785466562"
2023-12-29 20:10:33,491 - WARNING - Failed to choose Tall size during processing "アメリカンワッフル" of "https://menu.starbucks.co.jp/4524785466562"
2023-12-29 20:10:33,579 - INFO - Successfully retrieved the data of "アメリカンワッフル" of "https://menu.starbucks.co.jp/4524785466562"
2023-12-29 20:11:03,184 - INFO - Scraping the data of "シュガードーナツ" of "https://menu.starbucks.co.jp/4524785508385"
2023-12-29 20:11:23,270 - WARNING - Failed to choose Tall size during processing "シュガードーナツ" of "https://menu.starbucks.co.jp/4524785508385"
2023-12-29 20:11:23,338 - INFO - Successfully retrieved the data of "シュガードーナツ" of "https://menu.starbucks.co.jp/4524785508385"
2023-12-29 20:12:11,742 - INFO - Scraping the data of "抹茶クリームドーナツ" of "https://menu.starbucks.co.jp/4524785558311"
2023-12-29 20:12:31,670 - WARNING - Failed to choose Tall size during processing "抹茶クリームドーナツ" of "https://menu.starbucks.co.jp/4524785558311"
2023-12-29 20:12:31,727 - INFO - Successfully retrieved the data of "抹茶クリームドーナツ" of "https://menu.starbucks.co.jp/4524785558311"
2023-12-29 20:13:12,948 - INFO - Scraping the data of "チョコレートクリームドーナツ" of "https://menu.starbucks.co.jp/4524785511187"
2023-12-29 20:13:46,894 - WARNING - Failed to choose Tall size during processing "チョコレートクリームドーナツ" of "https://menu.starbucks.co.jp/4524785511187"
2023-12-29 20:13:46,952 - INFO - Successfully retrieved the data of "チョコレートクリームドーナツ" of "https://menu.starbucks.co.jp/4524785511187"
2023-12-29 20:14:58,665 - INFO - Scraping the data of "バナナの米粉マフィン" of "https://menu.starbucks.co.jp/4524785537354"
2023-12-29 20:15:19,957 - WARNING - Failed to choose Tall size during processing "バナナの米粉マフィン" of "https://menu.starbucks.co.jp/4524785537354"
2023-12-29 20:15:20,024 - INFO - Successfully retrieved the data of "バナナの米粉マフィン" of "https://menu.starbucks.co.jp/4524785537354"
2023-12-29 20:15:56,066 - INFO - Scraping the data of "あんバターサンド" of "https://menu.starbucks.co.jp/4524785529755"
2023-12-29 20:16:29,000 - WARNING - Failed to choose Tall size during processing "あんバターサンド" of "https://menu.starbucks.co.jp/4524785529755"
2023-12-29 20:16:29,066 - INFO - Successfully retrieved the data of "あんバターサンド" of "https://menu.starbucks.co.jp/4524785529755"
2023-12-29 20:17:30,928 - INFO - Scraping the data of "もっちりボール アールグレイ＆ハニーミルク" of "https://menu.starbucks.co.jp/4524785558328"
2023-12-29 20:17:52,463 - WARNING - Failed to choose Tall size during processing "もっちりボール アールグレイ＆ハニーミルク" of "https://menu.starbucks.co.jp/4524785558328"
2023-12-29 20:17:52,519 - INFO - Successfully retrieved the data of "もっちりボール アールグレイ＆ハニーミルク" of "https://menu.starbucks.co.jp/4524785558328"
2023-12-29 20:19:22,060 - INFO - Scraping the data of "マロンパウンドケーキ" of "https://menu.starbucks.co.jp/4524785546721"
2023-12-29 20:19:35,300 - WARNING - Failed to choose Tall size during processing "マロンパウンドケーキ" of "https://menu.starbucks.co.jp/4524785546721"
2023-12-29 20:19:35,425 - INFO - Successfully retrieved the data of "マロンパウンドケーキ" of "https://menu.starbucks.co.jp/4524785546721"
2023-12-29 20:20:06,747 - INFO - Scraping the data of "アーモンドクロッカン" of "https://menu.starbucks.co.jp/4524785546745"
2023-12-29 20:20:24,742 - WARNING - Failed to choose Tall size during processing "アーモンドクロッカン" of "https://menu.starbucks.co.jp/4524785546745"
2023-12-29 20:20:24,806 - INFO - Successfully retrieved the data of "アーモンドクロッカン" of "https://menu.starbucks.co.jp/4524785546745"
2023-12-29 20:21:19,191 - INFO - Scraping the data of "[ドライブスルー店販売]抹茶あんバターサンド" of "https://menu.starbucks.co.jp/4524785558335"
2023-12-29 20:21:44,797 - WARNING - Failed to choose Tall size during processing "[ドライブスルー店販売]抹茶あんバターサンド" of "https://menu.starbucks.co.jp/4524785558335"
2023-12-29 20:21:44,861 - INFO - Successfully retrieved the data of "[ドライブスルー店販売]抹茶あんバターサンド" of "https://menu.starbucks.co.jp/4524785558335"
2023-12-29 20:23:21,558 - INFO - Scraping the data of "ベーコンとほうれん草のキッシュ" of "https://menu.starbucks.co.jp/4524785438460"
2023-12-29 20:23:37,266 - WARNING - Failed to choose Tall size during processing "ベーコンとほうれん草のキッシュ" of "https://menu.starbucks.co.jp/4524785438460"
2023-12-29 20:23:37,337 - INFO - Successfully retrieved the data of "ベーコンとほうれん草のキッシュ" of "https://menu.starbucks.co.jp/4524785438460"
2023-12-29 20:24:17,850 - INFO - Scraping the data of "あらびきソーセージパイ" of "https://menu.starbucks.co.jp/4524785461512"
2023-12-29 20:24:36,347 - WARNING - Failed to choose Tall size during processing "あらびきソーセージパイ" of "https://menu.starbucks.co.jp/4524785461512"
2023-12-29 20:24:36,410 - INFO - Successfully retrieved the data of "あらびきソーセージパイ" of "https://menu.starbucks.co.jp/4524785461512"
