2023-12-29 22:57:34,164 - INFO - processig the image of "https://asset.menu.starbucks.co.jp/public/sku_images/4524785556560/4524785556560_11_s.jpg" (ID: f6cb25d5-d88d-4f1f-9fa8-0f27becdc144).
2023-12-29 22:57:34,601 - INFO - Successfully processed the image of "https://asset.menu.starbucks.co.jp/public/sku_images/4524785556560/4524785556560_11_s.jpg" (ID: f6cb25d5-d88d-4f1f-9fa8-0f27becdc144).
2023-12-29 22:57:34,602 - INFO - processig the image of "https://asset.menu.starbucks.co.jp/public/sku_images/4524785344143/4524785344143_11_s.jpg" (ID: db8149ca-3f1d-4721-bf0f-c0f2036a1a3a).
2023-12-29 22:57:34,770 - INFO - Successfully processed the image of "https://asset.menu.starbucks.co.jp/public/sku_images/4524785344143/4524785344143_11_s.jpg" (ID: db8149ca-3f1d-4721-bf0f-c0f2036a1a3a).
2023-12-29 22:57:34,771 - INFO - processig the image of "https://asset.menu.starbucks.co.jp/public/sku_images/4524785165731/4524785165731_11_s.jpg" (ID: fbbdcd42-371b-4390-8828-4ee2ae51072a).
2023-12-29 22:57:34,937 - INFO - Successfully processed the image of "https://asset.menu.starbucks.co.jp/public/sku_images/4524785165731/4524785165731_11_s.jpg" (ID: fbbdcd42-371b-4390-8828-4ee2ae51072a).
2023-12-29 22:57:34,938 - INFO - processig the image of "https://asset.menu.starbucks.co.jp/public/sku_images/4524785166059/4524785166059_11_s.jpg" (ID: fc940bc8-055f-422f-a443-2acbbfeb55e4).
2023-12-29 22:57:35,108 - INFO - Successfully processed the image of "https://asset.menu.starbucks.co.jp/public/sku_images/4524785166059/4524785166059_11_s.jpg" (ID: fc940bc8-055f-422f-a443-2acbbfeb55e4).
2023-12-29 22:57:35,109 - INFO - processig the image of "https://asset.menu.starbucks.co.jp/public/sku_images/4524785165816/4524785165816_11_s.jpg" (ID: 3fb6c07d-9f5b-428b-abce-7e09fa310433).
2023-12-29 22:57:35,288 - INFO - Successfully processed the image of "https://asset.menu.starbucks.co.jp/public/sku_images/4524785165816/4524785165816_11_s.jpg" (ID: 3fb6c07d-9f5b-428b-abce-7e09fa310433).
2023-12-29 22:57:35,288 - INFO - processig the image of "https://asset.menu.starbucks.co.jp/public/sku_images/4524785165892/4524785165892_11_s.jpg" (ID: 1e658eb7-e510-42b4-9e7e-0ffbccab0cd3).
2023-12-29 22:57:35,469 - INFO - Successfully processed the image of "https://asset.menu.starbucks.co.jp/public/sku_images/4524785165892/4524785165892_11_s.jpg" (ID: 1e658eb7-e510-42b4-9e7e-0ffbccab0cd3).
2023-12-29 22:57:35,470 - INFO - processig the image of "https://asset.menu.starbucks.co.jp/public/sku_images/4524785165939/4524785165939_11_s.jpg" (ID: 985e4227-8b49-460a-9866-affa9d4a2695).
2023-12-29 22:57:35,627 - INFO - Successfully processed the image of "https://asset.menu.starbucks.co.jp/public/sku_images/4524785165939/4524785165939_11_s.jpg" (ID: 985e4227-8b49-460a-9866-affa9d4a2695).
2023-12-29 22:57:35,628 - INFO - processig the image of "https://asset.menu.starbucks.co.jp/public/sku_images/4524785118751/4524785118751_11_s.jpg" (ID: 1f33763b-af85-4f09-823e-e154f2fdbe8f).
2023-12-29 22:57:35,805 - INFO - Successfully processed the image of "https://asset.menu.starbucks.co.jp/public/sku_images/4524785118751/4524785118751_11_s.jpg" (ID: 1f33763b-af85-4f09-823e-e154f2fdbe8f).
2023-12-29 22:57:35,805 - INFO - processig the image of "https://asset.menu.starbucks.co.jp/public/sku_images/4524785517479/4524785517479_11_s.jpg" (ID: 726af359-23bb-49f4-b131-0ecc35d31049).
2023-12-29 22:57:36,011 - INFO - Successfully processed the image of "https://asset.menu.starbucks.co.jp/public/sku_images/4524785517479/4524785517479_11_s.jpg" (ID: 726af359-23bb-49f4-b131-0ecc35d31049).
2023-12-29 22:57:36,012 - INFO - processig the image of "https://asset.menu.starbucks.co.jp/public/sku_images/4524785479791/4524785479791_11_s.jpg" (ID: b332788b-c479-41cc-8767-47c69ff09c94).
2023-12-29 22:57:36,199 - INFO - Successfully processed the image of "https://asset.menu.starbucks.co.jp/public/sku_images/4524785479791/4524785479791_11_s.jpg" (ID: b332788b-c479-41cc-8767-47c69ff09c94).
2023-12-29 22:57:36,200 - INFO - processig the image of "https://asset.menu.starbucks.co.jp/public/sku_images/4524785487345/4524785487345_11_s.jpg" (ID: 5648b580-ece4-4211-9e1a-a98d662ce556).
2023-12-29 22:57:36,391 - INFO - Successfully processed the image of "https://asset.menu.starbucks.co.jp/public/sku_images/4524785487345/4524785487345_11_s.jpg" (ID: 5648b580-ece4-4211-9e1a-a98d662ce556).
2023-12-29 22:57:36,391 - INFO - processig the image of "https://asset.menu.starbucks.co.jp/public/sku_images/4524785324671/4524785324671_11_s.jpg" (ID: 30a45b25-9760-4ffe-98b7-c33f9f3ed344).
2023-12-29 22:57:36,634 - INFO - Successfully processed the image of "https://asset.menu.starbucks.co.jp/public/sku_images/4524785324671/4524785324671_11_s.jpg" (ID: 30a45b25-9760-4ffe-98b7-c33f9f3ed344).
2023-12-29 22:57:36,635 - INFO - processig the image of "https://asset.menu.starbucks.co.jp/public/sku_images/4524785445543/4524785445543_11_s.jpg" (ID: 7b6a6920-85a2-4e95-92f8-6a78c8f710b9).
2023-12-29 22:57:36,825 - INFO - Successfully processed the image of "https://asset.menu.starbucks.co.jp/public/sku_images/4524785445543/4524785445543_11_s.jpg" (ID: 7b6a6920-85a2-4e95-92f8-6a78c8f710b9).
2023-12-29 22:57:36,826 - INFO - processig the image of "https://asset.menu.starbucks.co.jp/public/sku_images/4524785445550/4524785445550_11_s.jpg" (ID: effbd6c7-a7d5-4d3a-99e7-30a43b0b5454).
2023-12-29 22:57:37,042 - INFO - Successfully processed the image of "https://asset.menu.starbucks.co.jp/public/sku_images/4524785445550/4524785445550_11_s.jpg" (ID: effbd6c7-a7d5-4d3a-99e7-30a43b0b5454).
2023-12-29 22:57:37,043 - INFO - processig the image of "https://asset.menu.starbucks.co.jp/public/sku_images/4524785445581/4524785445581_11_s.jpg" (ID: 3b84bbe7-8497-4e63-86e5-02eea6934468).
2023-12-29 22:57:37,233 - INFO - Successfully processed the image of "https://asset.menu.starbucks.co.jp/public/sku_images/4524785445581/4524785445581_11_s.jpg" (ID: 3b84bbe7-8497-4e63-86e5-02eea6934468).
2023-12-29 22:57:37,233 - INFO - processig the image of "https://asset.menu.starbucks.co.jp/public/sku_images/4524785445598/4524785445598_11_s.jpg" (ID: 26d775db-c65b-42a3-959f-b90ce7e4bf03).
2023-12-29 22:57:37,388 - INFO - Successfully processed the image of "https://asset.menu.starbucks.co.jp/public/sku_images/4524785445598/4524785445598_11_s.jpg" (ID: 26d775db-c65b-42a3-959f-b90ce7e4bf03).
2023-12-29 22:57:37,389 - INFO - processig the image of "https://asset.menu.starbucks.co.jp/public/sku_images/4524785526518/4524785526518_11_s.jpg" (ID: 00919c9f-3ed3-4290-895f-50685078383b).
2023-12-29 22:57:37,568 - INFO - Successfully processed the image of "https://asset.menu.starbucks.co.jp/public/sku_images/4524785526518/4524785526518_11_s.jpg" (ID: 00919c9f-3ed3-4290-895f-50685078383b).
2023-12-29 22:57:37,568 - INFO - processig the image of "https://asset.menu.starbucks.co.jp/public/sku_images/4524785546974/4524785546974_11_s.jpg" (ID: 05e6fedd-a3b1-45d3-a920-b47467c0a43c).
2023-12-29 22:57:37,759 - INFO - Successfully processed the image of "https://asset.menu.starbucks.co.jp/public/sku_images/4524785546974/4524785546974_11_s.jpg" (ID: 05e6fedd-a3b1-45d3-a920-b47467c0a43c).
2023-12-29 22:57:37,760 - INFO - processig the image of "https://asset.menu.starbucks.co.jp/public/sku_images/4524785000018/4524785000018_11_s.jpg" (ID: 4cc04a59-c841-4ac5-b00d-4850f99c2348).
2023-12-29 22:57:37,932 - INFO - Successfully processed the image of "https://asset.menu.starbucks.co.jp/public/sku_images/4524785000018/4524785000018_11_s.jpg" (ID: 4cc04a59-c841-4ac5-b00d-4850f99c2348).
2023-12-29 22:57:37,933 - INFO - processig the image of "https://asset.menu.starbucks.co.jp/public/sku_images/4524785062870/4524785062870_11_s.jpg" (ID: 9ef57cc4-9f5d-4210-96bc-32c283ceb2f2).
2023-12-29 22:57:38,089 - INFO - Successfully processed the image of "https://asset.menu.starbucks.co.jp/public/sku_images/4524785062870/4524785062870_11_s.jpg" (ID: 9ef57cc4-9f5d-4210-96bc-32c283ceb2f2).
2023-12-29 22:57:38,090 - INFO - processig the image of "https://asset.menu.starbucks.co.jp/public/sku_images/4524785324732/4524785324732_11_s.jpg" (ID: f2417ac9-1876-4869-a9c1-6c40dcadf41b).
2023-12-29 22:57:38,259 - INFO - Successfully processed the image of "https://asset.menu.starbucks.co.jp/public/sku_images/4524785324732/4524785324732_11_s.jpg" (ID: f2417ac9-1876-4869-a9c1-6c40dcadf41b).
2023-12-29 22:57:38,260 - INFO - processig the image of "https://asset.menu.starbucks.co.jp/public/sku_images/4524785046856/4524785046856_11_s.jpg" (ID: 56e79928-2687-487e-8d75-90b7e46e8586).
2023-12-29 22:57:38,433 - INFO - Successfully processed the image of "https://asset.menu.starbucks.co.jp/public/sku_images/4524785046856/4524785046856_11_s.jpg" (ID: 56e79928-2687-487e-8d75-90b7e46e8586).
2023-12-29 22:57:38,434 - INFO - processig the image of "https://asset.menu.starbucks.co.jp/public/sku_images/4524785542563/4524785542563_11_s.jpg" (ID: 367f1386-ef8b-44c0-8515-73d557602cbf).
2023-12-29 22:57:38,610 - INFO - Successfully processed the image of "https://asset.menu.starbucks.co.jp/public/sku_images/4524785542563/4524785542563_11_s.jpg" (ID: 367f1386-ef8b-44c0-8515-73d557602cbf).
2023-12-29 22:57:38,611 - INFO - processig the image of "https://asset.menu.starbucks.co.jp/public/sku_images/4524785033153/4524785033153_11_s.jpg" (ID: d397efa3-3550-44d9-8667-2e524a938dcd).
2023-12-29 22:57:38,832 - INFO - Successfully processed the image of "https://asset.menu.starbucks.co.jp/public/sku_images/4524785033153/4524785033153_11_s.jpg" (ID: d397efa3-3550-44d9-8667-2e524a938dcd).
2023-12-29 22:57:38,832 - INFO - processig the image of "https://asset.menu.starbucks.co.jp/public/sku_images/4524785000223/4524785000223_11_s.jpg" (ID: 4e260e8a-98d1-449b-a761-b46ae59bc495).
2023-12-29 22:57:39,006 - INFO - Successfully processed the image of "https://asset.menu.starbucks.co.jp/public/sku_images/4524785000223/4524785000223_11_s.jpg" (ID: 4e260e8a-98d1-449b-a761-b46ae59bc495).
2023-12-29 22:57:39,007 - INFO - processig the image of "https://asset.menu.starbucks.co.jp/public/sku_images/4524785047396/4524785047396_11_s.jpg" (ID: 5cb9a514-348d-4782-a793-334bc0461e3a).
2023-12-29 22:57:39,182 - INFO - Successfully processed the image of "https://asset.menu.starbucks.co.jp/public/sku_images/4524785047396/4524785047396_11_s.jpg" (ID: 5cb9a514-348d-4782-a793-334bc0461e3a).
2023-12-29 22:57:39,182 - INFO - processig the image of "https://asset.menu.starbucks.co.jp/public/sku_images/4524785433106/4524785433106_11_s.jpg" (ID: 894290d2-9bfe-479d-aa06-e20f23688393).
2023-12-29 22:57:39,356 - INFO - Successfully processed the image of "https://asset.menu.starbucks.co.jp/public/sku_images/4524785433106/4524785433106_11_s.jpg" (ID: 894290d2-9bfe-479d-aa06-e20f23688393).
2023-12-29 22:57:39,357 - INFO - processig the image of "https://asset.menu.starbucks.co.jp/public/sku_images/4524785433021/4524785433021_11_s.jpg" (ID: b8adf003-3c82-49d9-8ce8-593627bd4e8c).
2023-12-29 22:57:39,534 - INFO - Successfully processed the image of "https://asset.menu.starbucks.co.jp/public/sku_images/4524785433021/4524785433021_11_s.jpg" (ID: b8adf003-3c82-49d9-8ce8-593627bd4e8c).
2023-12-29 22:57:39,534 - INFO - processig the image of "https://asset.menu.starbucks.co.jp/public/sku_images/4524785000285/4524785000285_11_s.jpg" (ID: 0b0a8035-a2c3-4d35-b992-002f6c403bb1).
2023-12-29 22:57:39,709 - INFO - Successfully processed the image of "https://asset.menu.starbucks.co.jp/public/sku_images/4524785000285/4524785000285_11_s.jpg" (ID: 0b0a8035-a2c3-4d35-b992-002f6c403bb1).
2023-12-29 22:57:39,710 - INFO - processig the image of "https://asset.menu.starbucks.co.jp/public/sku_images/4524785000254/4524785000254_11_s.jpg" (ID: 581178ab-926d-4dff-98c3-bb8b83314644).
2023-12-29 22:57:39,887 - INFO - Successfully processed the image of "https://asset.menu.starbucks.co.jp/public/sku_images/4524785000254/4524785000254_11_s.jpg" (ID: 581178ab-926d-4dff-98c3-bb8b83314644).
2023-12-29 22:57:39,887 - INFO - processig the image of "https://asset.menu.starbucks.co.jp/public/sku_images/4524785034532/4524785034532_11_s.jpg" (ID: 9f2d7489-cc7d-4df0-91db-be53b54b2c7b).
2023-12-29 22:57:40,058 - INFO - Successfully processed the image of "https://asset.menu.starbucks.co.jp/public/sku_images/4524785034532/4524785034532_11_s.jpg" (ID: 9f2d7489-cc7d-4df0-91db-be53b54b2c7b).
2023-12-29 22:57:40,058 - INFO - processig the image of "https://asset.menu.starbucks.co.jp/public/sku_images/4524785019232/4524785019232_11_s.jpg" (ID: 5ca71f63-a1b1-4837-acf5-61a3b0dd3955).
2023-12-29 22:57:40,264 - INFO - Successfully processed the image of "https://asset.menu.starbucks.co.jp/public/sku_images/4524785019232/4524785019232_11_s.jpg" (ID: 5ca71f63-a1b1-4837-acf5-61a3b0dd3955).
2023-12-29 22:57:40,265 - INFO - processig the image of "https://asset.menu.starbucks.co.jp/public/sku_images/4524785000315/4524785000315_11_s.jpg" (ID: 7bc3fa6a-cdbb-48b2-b53c-891a0448f2d7).
2023-12-29 22:57:40,453 - INFO - Successfully processed the image of "https://asset.menu.starbucks.co.jp/public/sku_images/4524785000315/4524785000315_11_s.jpg" (ID: 7bc3fa6a-cdbb-48b2-b53c-891a0448f2d7).
2023-12-29 22:57:40,454 - INFO - processig the image of "https://asset.menu.starbucks.co.jp/public/sku_images/4524785000346/4524785000346_11_s.jpg" (ID: 0a531826-4e84-46b8-93e4-0ba86aeabe24).
2023-12-29 22:57:40,611 - INFO - Successfully processed the image of "https://asset.menu.starbucks.co.jp/public/sku_images/4524785000346/4524785000346_11_s.jpg" (ID: 0a531826-4e84-46b8-93e4-0ba86aeabe24).
2023-12-29 22:57:40,612 - INFO - processig the image of "https://asset.menu.starbucks.co.jp/public/sku_images/4524785487253/4524785487253_11_s.jpg" (ID: b219f768-aa08-4295-af8c-a2a3242d68d6).
2023-12-29 22:57:40,816 - INFO - Successfully processed the image of "https://asset.menu.starbucks.co.jp/public/sku_images/4524785487253/4524785487253_11_s.jpg" (ID: b219f768-aa08-4295-af8c-a2a3242d68d6).
2023-12-29 22:57:40,817 - INFO - processig the image of "https://asset.menu.starbucks.co.jp/public/sku_images/4524785457690/4524785457690_11_s.jpg" (ID: f26f3ae2-7bad-460f-8cc4-3af0b6114dd0).
2023-12-29 22:57:40,950 - INFO - Successfully processed the image of "https://asset.menu.starbucks.co.jp/public/sku_images/4524785457690/4524785457690_11_s.jpg" (ID: f26f3ae2-7bad-460f-8cc4-3af0b6114dd0).
2023-12-29 22:57:40,950 - INFO - processig the image of "https://asset.menu.starbucks.co.jp/public/sku_images/4524785544406/4524785544406_11_s.jpg" (ID: 31626368-00d3-432c-a52a-c168e96713df).
2023-12-29 22:57:41,125 - INFO - Successfully processed the image of "https://asset.menu.starbucks.co.jp/public/sku_images/4524785544406/4524785544406_11_s.jpg" (ID: 31626368-00d3-432c-a52a-c168e96713df).
2023-12-29 22:57:41,125 - INFO - processig the image of "https://asset.menu.starbucks.co.jp/public/sku_images/4524785548541/4524785548541_11_s.jpg" (ID: 8e98e22b-332a-404f-a5bb-b322617d2b2a).
2023-12-29 22:57:41,382 - INFO - Successfully processed the image of "https://asset.menu.starbucks.co.jp/public/sku_images/4524785548541/4524785548541_11_s.jpg" (ID: 8e98e22b-332a-404f-a5bb-b322617d2b2a).
2023-12-29 22:57:41,383 - INFO - processig the image of "https://asset.menu.starbucks.co.jp/public/sku_images/4524785556607/4524785556607_11_s.jpg" (ID: 00a66856-7b49-476e-aa8d-4ce8ba0e720f).
2023-12-29 22:57:41,627 - INFO - Successfully processed the image of "https://asset.menu.starbucks.co.jp/public/sku_images/4524785556607/4524785556607_11_s.jpg" (ID: 00a66856-7b49-476e-aa8d-4ce8ba0e720f).
2023-12-29 22:57:41,627 - INFO - processig the image of "https://asset.menu.starbucks.co.jp/public/sku_images/4524785556645/4524785556645_11_s.jpg" (ID: 8c609add-f0aa-4aec-ac53-aa529ed25eb5).
2023-12-29 22:57:41,877 - INFO - Successfully processed the image of "https://asset.menu.starbucks.co.jp/public/sku_images/4524785556645/4524785556645_11_s.jpg" (ID: 8c609add-f0aa-4aec-ac53-aa529ed25eb5).
2023-12-29 22:57:41,878 - INFO - processig the image of "https://asset.menu.starbucks.co.jp/public/sku_images/4524785514560/4524785514560_11_s.jpg" (ID: b6638af5-1939-4b04-87bc-d0a07a97cfcd).
2023-12-29 22:57:42,336 - INFO - Successfully processed the image of "https://asset.menu.starbucks.co.jp/public/sku_images/4524785514560/4524785514560_11_s.jpg" (ID: b6638af5-1939-4b04-87bc-d0a07a97cfcd).
2023-12-29 22:57:42,337 - INFO - processig the image of "https://asset.menu.starbucks.co.jp/public/sku_images/4524785343993/4524785343993_11_s.jpg" (ID: 1029d886-6394-4a10-8112-6504332e3c67).
2023-12-29 22:57:42,576 - INFO - Successfully processed the image of "https://asset.menu.starbucks.co.jp/public/sku_images/4524785343993/4524785343993_11_s.jpg" (ID: 1029d886-6394-4a10-8112-6504332e3c67).
2023-12-29 22:57:42,577 - INFO - processig the image of "https://asset.menu.starbucks.co.jp/public/sku_images/4524785348035/4524785348035_11_s.jpg" (ID: 68bb349d-61e5-466e-a2e4-f31ad309e555).
2023-12-29 22:57:42,731 - INFO - Successfully processed the image of "https://asset.menu.starbucks.co.jp/public/sku_images/4524785348035/4524785348035_11_s.jpg" (ID: 68bb349d-61e5-466e-a2e4-f31ad309e555).
2023-12-29 22:57:42,732 - INFO - processig the image of "https://asset.menu.starbucks.co.jp/public/sku_images/4524785461154/4524785461154_11_s.jpg" (ID: 5fc83431-72ac-44b8-8fff-a4f908dae459).
2023-12-29 22:57:42,923 - INFO - Successfully processed the image of "https://asset.menu.starbucks.co.jp/public/sku_images/4524785461154/4524785461154_11_s.jpg" (ID: 5fc83431-72ac-44b8-8fff-a4f908dae459).
2023-12-29 22:57:42,923 - INFO - processig the image of "https://asset.menu.starbucks.co.jp/public/sku_images/4524785034204/4524785034204_11_s.jpg" (ID: 9f78bf39-0201-42ab-82a2-1fd57a18bb3d).
2023-12-29 22:57:43,106 - INFO - Successfully processed the image of "https://asset.menu.starbucks.co.jp/public/sku_images/4524785034204/4524785034204_11_s.jpg" (ID: 9f78bf39-0201-42ab-82a2-1fd57a18bb3d).
2023-12-29 22:57:43,107 - INFO - processig the image of "https://asset.menu.starbucks.co.jp/public/sku_images/4524785154681/4524785154681_11_s.jpg" (ID: b47ff5eb-cb2e-49b2-a4c6-e8187e61792f).
2023-12-29 22:57:43,246 - INFO - Successfully processed the image of "https://asset.menu.starbucks.co.jp/public/sku_images/4524785154681/4524785154681_11_s.jpg" (ID: b47ff5eb-cb2e-49b2-a4c6-e8187e61792f).
2023-12-29 22:57:43,247 - INFO - processig the image of "https://asset.menu.starbucks.co.jp/public/sku_images/4524785106499/4524785106499_11_s.jpg" (ID: 31ef9df0-5395-459f-8a54-01b571d53d36).
2023-12-29 22:57:43,422 - INFO - Successfully processed the image of "https://asset.menu.starbucks.co.jp/public/sku_images/4524785106499/4524785106499_11_s.jpg" (ID: 31ef9df0-5395-459f-8a54-01b571d53d36).
2023-12-29 22:57:43,423 - INFO - processig the image of "https://asset.menu.starbucks.co.jp/public/sku_images/4524785304970/4524785304970_11_s.jpg" (ID: 1210a954-740c-45c6-baa7-35f92ba14727).
2023-12-29 22:57:43,588 - INFO - Successfully processed the image of "https://asset.menu.starbucks.co.jp/public/sku_images/4524785304970/4524785304970_11_s.jpg" (ID: 1210a954-740c-45c6-baa7-35f92ba14727).
2023-12-29 22:57:43,589 - INFO - processig the image of "https://asset.menu.starbucks.co.jp/public/sku_images/4524785305465/4524785305465_11_s.jpg" (ID: f43bf8b4-8204-4d03-8675-60579fb45965).
2023-12-29 22:57:43,740 - INFO - Successfully processed the image of "https://asset.menu.starbucks.co.jp/public/sku_images/4524785305465/4524785305465_11_s.jpg" (ID: f43bf8b4-8204-4d03-8675-60579fb45965).
2023-12-29 22:57:43,741 - INFO - processig the image of "https://asset.menu.starbucks.co.jp/public/sku_images/4524785305076/4524785305076_11_s.jpg" (ID: 401fd924-9c8f-484c-88b7-0b13a728643d).
2023-12-29 22:57:43,889 - INFO - Successfully processed the image of "https://asset.menu.starbucks.co.jp/public/sku_images/4524785305076/4524785305076_11_s.jpg" (ID: 401fd924-9c8f-484c-88b7-0b13a728643d).
2023-12-29 22:57:43,890 - INFO - processig the image of "https://asset.menu.starbucks.co.jp/public/sku_images/4524785492820/4524785492820_11_s.jpg" (ID: 19adf498-9aab-49b8-8f8b-9f356b5a6b52).
2023-12-29 22:57:44,048 - INFO - Successfully processed the image of "https://asset.menu.starbucks.co.jp/public/sku_images/4524785492820/4524785492820_11_s.jpg" (ID: 19adf498-9aab-49b8-8f8b-9f356b5a6b52).
2023-12-29 22:57:44,049 - INFO - processig the image of "https://asset.menu.starbucks.co.jp/public/sku_images/4524785024748/4524785024748_11_s.jpg" (ID: 8e498cdc-7350-4cac-b909-aa6e07fdfff7).
2023-12-29 22:57:44,218 - INFO - Successfully processed the image of "https://asset.menu.starbucks.co.jp/public/sku_images/4524785024748/4524785024748_11_s.jpg" (ID: 8e498cdc-7350-4cac-b909-aa6e07fdfff7).
2023-12-29 22:57:44,219 - INFO - processig the image of "https://asset.menu.starbucks.co.jp/public/sku_images/4524785349193/4524785349193_11_s.jpg" (ID: 69848856-dece-42e2-936a-076b851afb98).
2023-12-29 22:57:44,389 - INFO - Successfully processed the image of "https://asset.menu.starbucks.co.jp/public/sku_images/4524785349193/4524785349193_11_s.jpg" (ID: 69848856-dece-42e2-936a-076b851afb98).
2023-12-29 22:57:44,389 - INFO - processig the image of "https://asset.menu.starbucks.co.jp/public/sku_images/4524785305328/4524785305328_11_s.jpg" (ID: d90032b8-5eda-41ed-9498-01cb30454155).
2023-12-29 22:57:44,558 - INFO - Successfully processed the image of "https://asset.menu.starbucks.co.jp/public/sku_images/4524785305328/4524785305328_11_s.jpg" (ID: d90032b8-5eda-41ed-9498-01cb30454155).
2023-12-29 22:57:44,558 - INFO - processig the image of "https://asset.menu.starbucks.co.jp/public/sku_images/4524785305366/4524785305366_11_s.jpg" (ID: c477d40b-735a-46d5-b7c5-042adc55fe0c).
2023-12-29 22:57:44,725 - INFO - Successfully processed the image of "https://asset.menu.starbucks.co.jp/public/sku_images/4524785305366/4524785305366_11_s.jpg" (ID: c477d40b-735a-46d5-b7c5-042adc55fe0c).
2023-12-29 22:57:44,726 - INFO - processig the image of "https://asset.menu.starbucks.co.jp/public/sku_images/4524785305571/4524785305571_11_s.jpg" (ID: e49d3601-6d4c-4c96-aa1a-ed38c908b34c).
2023-12-29 22:57:44,890 - INFO - Successfully processed the image of "https://asset.menu.starbucks.co.jp/public/sku_images/4524785305571/4524785305571_11_s.jpg" (ID: e49d3601-6d4c-4c96-aa1a-ed38c908b34c).
2023-12-29 22:57:44,891 - INFO - processig the image of "https://asset.menu.starbucks.co.jp/public/sku_images/4524785309104/4524785309104_11_s.jpg" (ID: d1e0d51d-2345-4a14-b10c-764b2dee6223).
2023-12-29 22:57:45,098 - INFO - Successfully processed the image of "https://asset.menu.starbucks.co.jp/public/sku_images/4524785309104/4524785309104_11_s.jpg" (ID: d1e0d51d-2345-4a14-b10c-764b2dee6223).
2023-12-29 22:57:45,098 - INFO - processig the image of "https://asset.menu.starbucks.co.jp/public/sku_images/4524785155473/4524785155473_11_s.jpg" (ID: e1327a7c-7305-45d6-8620-0c9e397b86b0).
2023-12-29 22:57:45,260 - INFO - Successfully processed the image of "https://asset.menu.starbucks.co.jp/public/sku_images/4524785155473/4524785155473_11_s.jpg" (ID: e1327a7c-7305-45d6-8620-0c9e397b86b0).
2023-12-29 22:57:45,261 - INFO - processig the image of "https://asset.menu.starbucks.co.jp/public/sku_images/4524785492868/4524785492868_11_s.jpg" (ID: 45e34da0-12b5-4995-b229-65a8ef5c7ccd).
2023-12-29 22:57:45,434 - INFO - Successfully processed the image of "https://asset.menu.starbucks.co.jp/public/sku_images/4524785492868/4524785492868_11_s.jpg" (ID: 45e34da0-12b5-4995-b229-65a8ef5c7ccd).
2023-12-29 22:57:45,435 - INFO - processig the image of "https://asset.menu.starbucks.co.jp/public/sku_images/4524785445499/4524785445499_11_s.jpg" (ID: 9d589642-5d94-4106-bc0a-e01a4f81c99b).
2023-12-29 22:57:45,651 - INFO - Successfully processed the image of "https://asset.menu.starbucks.co.jp/public/sku_images/4524785445499/4524785445499_11_s.jpg" (ID: 9d589642-5d94-4106-bc0a-e01a4f81c99b).
2023-12-29 22:57:45,651 - INFO - processig the image of "https://asset.menu.starbucks.co.jp/public/sku_images/4524785445529/4524785445529_11_s.jpg" (ID: 16f586be-d8c6-44a2-ac93-1a27570220c9).
2023-12-29 22:57:45,843 - INFO - Successfully processed the image of "https://asset.menu.starbucks.co.jp/public/sku_images/4524785445529/4524785445529_11_s.jpg" (ID: 16f586be-d8c6-44a2-ac93-1a27570220c9).
2023-12-29 22:57:45,844 - INFO - processig the image of "https://asset.menu.starbucks.co.jp/public/sku_images/4524785445628/4524785445628_11_s.jpg" (ID: 13f36af7-e32f-4aa2-8a23-6ec501b541bb).
2023-12-29 22:57:46,040 - INFO - Successfully processed the image of "https://asset.menu.starbucks.co.jp/public/sku_images/4524785445628/4524785445628_11_s.jpg" (ID: 13f36af7-e32f-4aa2-8a23-6ec501b541bb).
2023-12-29 22:57:46,041 - INFO - processig the image of "https://asset.menu.starbucks.co.jp/public/sku_images/4524785445611/4524785445611_11_s.jpg" (ID: 52ea7269-fe34-4ba3-a66e-ce76259c35b2).
2023-12-29 22:57:46,227 - INFO - Successfully processed the image of "https://asset.menu.starbucks.co.jp/public/sku_images/4524785445611/4524785445611_11_s.jpg" (ID: 52ea7269-fe34-4ba3-a66e-ce76259c35b2).
2023-12-29 22:57:46,228 - INFO - processig the image of "https://asset.menu.starbucks.co.jp/public/sku_images/4524785498372/4524785498372_11_s.jpg" (ID: 80e57192-dd67-4656-b14e-5fa8aa293c8b).
2023-12-29 22:57:46,440 - INFO - Successfully processed the image of "https://asset.menu.starbucks.co.jp/public/sku_images/4524785498372/4524785498372_11_s.jpg" (ID: 80e57192-dd67-4656-b14e-5fa8aa293c8b).
2023-12-29 22:57:46,441 - INFO - processig the image of "https://asset.menu.starbucks.co.jp/public/sku_images/4524785519381/4524785519381_11_s.jpg" (ID: 7d499f36-c6ab-4d6b-b694-8feab9a5e16d).
2023-12-29 22:57:46,640 - INFO - Successfully processed the image of "https://asset.menu.starbucks.co.jp/public/sku_images/4524785519381/4524785519381_11_s.jpg" (ID: 7d499f36-c6ab-4d6b-b694-8feab9a5e16d).
2023-12-29 22:57:46,640 - INFO - processig the image of "https://asset.menu.starbucks.co.jp/public/sku_images/4524785538993/4524785538993_11_s.jpg" (ID: c73e247c-b07c-4a77-8f06-8aca20139e9e).
2023-12-29 22:57:46,808 - INFO - Successfully processed the image of "https://asset.menu.starbucks.co.jp/public/sku_images/4524785538993/4524785538993_11_s.jpg" (ID: c73e247c-b07c-4a77-8f06-8aca20139e9e).
2023-12-29 22:57:46,809 - INFO - processig the image of "https://asset.menu.starbucks.co.jp/public/sku_images/4524785533394/4524785533394_11_s.jpg" (ID: f7e775e8-d9b0-430d-a6c0-e745e326d71d).
2023-12-29 22:57:46,998 - INFO - Successfully processed the image of "https://asset.menu.starbucks.co.jp/public/sku_images/4524785533394/4524785533394_11_s.jpg" (ID: f7e775e8-d9b0-430d-a6c0-e745e326d71d).
2023-12-29 22:57:46,999 - INFO - processig the image of "https://asset.menu.starbucks.co.jp/public/sku_images/4524785538948/4524785538948_11_s.jpg" (ID: 5f353dd5-3cd2-4691-8c08-41269f7776c0).
2023-12-29 22:57:47,176 - INFO - Successfully processed the image of "https://asset.menu.starbucks.co.jp/public/sku_images/4524785538948/4524785538948_11_s.jpg" (ID: 5f353dd5-3cd2-4691-8c08-41269f7776c0).
2023-12-29 22:57:47,177 - INFO - processig the image of "https://asset.menu.starbucks.co.jp/public/sku_images/4524785557222/4524785557222_11_s.jpg" (ID: 734c0690-d0e0-46c6-ad6d-e071c49ab002).
2023-12-29 22:57:47,351 - INFO - Successfully processed the image of "https://asset.menu.starbucks.co.jp/public/sku_images/4524785557222/4524785557222_11_s.jpg" (ID: 734c0690-d0e0-46c6-ad6d-e071c49ab002).
2023-12-29 22:57:47,351 - INFO - processig the image of "https://asset.menu.starbucks.co.jp/public/sku_images/4524785484887/4524785484887_11_s.jpg" (ID: 5dea5ec9-d224-4798-9689-06bd3e490663).
2023-12-29 22:57:47,550 - INFO - Successfully processed the image of "https://asset.menu.starbucks.co.jp/public/sku_images/4524785484887/4524785484887_11_s.jpg" (ID: 5dea5ec9-d224-4798-9689-06bd3e490663).
2023-12-29 22:57:47,551 - INFO - processig the image of "https://asset.menu.starbucks.co.jp/public/sku_images/4524785550834/4524785550834_11_s.jpg" (ID: 8f99bc90-eda8-4fb7-9db4-0bbe6d16921b).
2023-12-29 22:57:47,725 - INFO - Successfully processed the image of "https://asset.menu.starbucks.co.jp/public/sku_images/4524785550834/4524785550834_11_s.jpg" (ID: 8f99bc90-eda8-4fb7-9db4-0bbe6d16921b).
2023-12-29 22:57:47,726 - INFO - processig the image of "https://asset.menu.starbucks.co.jp/public/sku_images/4524785550827/4524785550827_11_s.jpg" (ID: 9b50692c-f893-4aba-9111-975b6c7077ee).
2023-12-29 22:57:47,899 - INFO - Successfully processed the image of "https://asset.menu.starbucks.co.jp/public/sku_images/4524785550827/4524785550827_11_s.jpg" (ID: 9b50692c-f893-4aba-9111-975b6c7077ee).
2023-12-29 22:57:47,900 - INFO - processig the image of "https://asset.menu.starbucks.co.jp/public/sku_images/4524785533400/4524785533400_11_s.jpg" (ID: 478dc920-e705-4758-930f-77c0baa0c28e).
2023-12-29 22:57:48,067 - INFO - Successfully processed the image of "https://asset.menu.starbucks.co.jp/public/sku_images/4524785533400/4524785533400_11_s.jpg" (ID: 478dc920-e705-4758-930f-77c0baa0c28e).
2023-12-29 22:57:48,067 - INFO - processig the image of "https://asset.menu.starbucks.co.jp/public/sku_images/4524785308985/4524785308985_11_s.jpg" (ID: fdfc380f-dda8-44b7-8c44-61222e6ac4d0).
2023-12-29 22:57:48,232 - INFO - Successfully processed the image of "https://asset.menu.starbucks.co.jp/public/sku_images/4524785308985/4524785308985_11_s.jpg" (ID: fdfc380f-dda8-44b7-8c44-61222e6ac4d0).
2023-12-29 22:57:48,232 - INFO - processig the image of "https://asset.menu.starbucks.co.jp/public/sku_images/4524785555723/4524785555723_11_s.jpg" (ID: e15e7269-b826-47e1-8450-2b4ae02051d2).
2023-12-29 22:57:48,396 - INFO - Successfully processed the image of "https://asset.menu.starbucks.co.jp/public/sku_images/4524785555723/4524785555723_11_s.jpg" (ID: e15e7269-b826-47e1-8450-2b4ae02051d2).
2023-12-29 22:57:48,396 - INFO - processig the image of "https://asset.menu.starbucks.co.jp/public/sku_images/4524785555716/4524785555716_11_s.jpg" (ID: 5eea42b1-3ef2-43e7-bf77-02547732e801).
2023-12-29 22:57:48,577 - INFO - Successfully processed the image of "https://asset.menu.starbucks.co.jp/public/sku_images/4524785555716/4524785555716_11_s.jpg" (ID: 5eea42b1-3ef2-43e7-bf77-02547732e801).
2023-12-29 22:57:48,578 - INFO - processig the image of "https://asset.menu.starbucks.co.jp/public/sku_images/4524785553378/4524785553378_11_s.jpg" (ID: 35653eb4-b6e7-408c-bd73-4f27d6824e66).
2023-12-29 22:57:48,749 - INFO - Successfully processed the image of "https://asset.menu.starbucks.co.jp/public/sku_images/4524785553378/4524785553378_11_s.jpg" (ID: 35653eb4-b6e7-408c-bd73-4f27d6824e66).
2023-12-29 22:57:48,750 - INFO - processig the image of "https://asset.menu.starbucks.co.jp/public/sku_images/4524785553415/4524785553415_11_s.jpg" (ID: 719af1a1-b736-4f56-90a7-0079523fb0c7).
2023-12-29 22:57:48,909 - INFO - Successfully processed the image of "https://asset.menu.starbucks.co.jp/public/sku_images/4524785553415/4524785553415_11_s.jpg" (ID: 719af1a1-b736-4f56-90a7-0079523fb0c7).
2023-12-29 22:57:48,910 - INFO - processig the image of "https://asset.menu.starbucks.co.jp/public/sku_images/4524785453470/4524785453470_11_s.jpg" (ID: c7655cbe-5477-48db-878a-c9beb8ff5415).
2023-12-29 22:57:49,078 - INFO - Successfully processed the image of "https://asset.menu.starbucks.co.jp/public/sku_images/4524785453470/4524785453470_11_s.jpg" (ID: c7655cbe-5477-48db-878a-c9beb8ff5415).
2023-12-29 22:57:49,078 - INFO - processig the image of "https://asset.menu.starbucks.co.jp/public/sku_images/4524785488816/4524785488816_11_s.jpg" (ID: 5ca38a67-2daa-452b-ab09-fe17d5b38287).
2023-12-29 22:57:49,252 - INFO - Successfully processed the image of "https://asset.menu.starbucks.co.jp/public/sku_images/4524785488816/4524785488816_11_s.jpg" (ID: 5ca38a67-2daa-452b-ab09-fe17d5b38287).
2023-12-29 22:57:49,253 - INFO - processig the image of "https://asset.menu.starbucks.co.jp/public/sku_images/4524785496972/4524785496972_11_s.jpg" (ID: eeec80f4-813d-468b-8e42-510e76021d25).
2023-12-29 22:57:49,416 - INFO - Successfully processed the image of "https://asset.menu.starbucks.co.jp/public/sku_images/4524785496972/4524785496972_11_s.jpg" (ID: eeec80f4-813d-468b-8e42-510e76021d25).
2023-12-29 22:57:49,416 - INFO - processig the image of "https://asset.menu.starbucks.co.jp/public/sku_images/4524785523043/4524785523043_11_s.jpg" (ID: 41d4e2f2-81c2-4897-a735-cd5bb7fb6105).
2023-12-29 22:57:49,563 - INFO - Successfully processed the image of "https://asset.menu.starbucks.co.jp/public/sku_images/4524785523043/4524785523043_11_s.jpg" (ID: 41d4e2f2-81c2-4897-a735-cd5bb7fb6105).
2023-12-29 22:57:49,564 - INFO - processig the image of "https://asset.menu.starbucks.co.jp/public/sku_images/4524785508361/4524785508361_11_s.jpg" (ID: 677b6f20-bf10-45dc-8a71-77bc6af62843).
2023-12-29 22:57:49,739 - INFO - Successfully processed the image of "https://asset.menu.starbucks.co.jp/public/sku_images/4524785508361/4524785508361_11_s.jpg" (ID: 677b6f20-bf10-45dc-8a71-77bc6af62843).
2023-12-29 22:57:49,739 - INFO - processig the image of "https://asset.menu.starbucks.co.jp/public/sku_images/4524785466562/4524785466562_11_s.jpg" (ID: 1999bc80-9136-4b35-a18b-a3ce7fcfac11).
2023-12-29 22:57:49,927 - INFO - Successfully processed the image of "https://asset.menu.starbucks.co.jp/public/sku_images/4524785466562/4524785466562_11_s.jpg" (ID: 1999bc80-9136-4b35-a18b-a3ce7fcfac11).
2023-12-29 22:57:49,927 - INFO - processig the image of "https://asset.menu.starbucks.co.jp/public/sku_images/4524785508385/4524785508385_11_s.jpg" (ID: 632152a8-e5a0-4a8a-8c32-b265182675af).
2023-12-29 22:57:50,112 - INFO - Successfully processed the image of "https://asset.menu.starbucks.co.jp/public/sku_images/4524785508385/4524785508385_11_s.jpg" (ID: 632152a8-e5a0-4a8a-8c32-b265182675af).
2023-12-29 22:57:50,112 - INFO - processig the image of "https://asset.menu.starbucks.co.jp/public/sku_images/4524785558311/4524785558311_11_s.jpg" (ID: 386d6b08-e893-4c90-bb43-a4940b1a53ae).
2023-12-29 22:57:50,283 - INFO - Successfully processed the image of "https://asset.menu.starbucks.co.jp/public/sku_images/4524785558311/4524785558311_11_s.jpg" (ID: 386d6b08-e893-4c90-bb43-a4940b1a53ae).
2023-12-29 22:57:50,284 - INFO - processig the image of "https://asset.menu.starbucks.co.jp/public/sku_images/4524785511187/4524785511187_11_s.jpg" (ID: ad02472d-c585-43d6-8580-92c35bb24ca4).
2023-12-29 22:57:50,477 - INFO - Successfully processed the image of "https://asset.menu.starbucks.co.jp/public/sku_images/4524785511187/4524785511187_11_s.jpg" (ID: ad02472d-c585-43d6-8580-92c35bb24ca4).
2023-12-29 22:57:50,477 - INFO - processig the image of "https://asset.menu.starbucks.co.jp/public/sku_images/4524785537354/4524785537354_11_s.jpg" (ID: 80e2c8b1-8279-4f7e-9ad0-16aa279d5a5d).
2023-12-29 22:57:50,680 - INFO - Successfully processed the image of "https://asset.menu.starbucks.co.jp/public/sku_images/4524785537354/4524785537354_11_s.jpg" (ID: 80e2c8b1-8279-4f7e-9ad0-16aa279d5a5d).
2023-12-29 22:57:50,680 - INFO - processig the image of "https://asset.menu.starbucks.co.jp/public/sku_images/4524785529755/4524785529755_11_s.jpg" (ID: 8e9d7f01-2675-4c7f-91c7-264324a36abc).
2023-12-29 22:57:50,855 - INFO - Successfully processed the image of "https://asset.menu.starbucks.co.jp/public/sku_images/4524785529755/4524785529755_11_s.jpg" (ID: 8e9d7f01-2675-4c7f-91c7-264324a36abc).
2023-12-29 22:57:50,856 - INFO - processig the image of "https://asset.menu.starbucks.co.jp/public/sku_images/4524785558328/4524785558328_11_s.jpg" (ID: 66343f43-5927-44f0-991a-d5d8540c241f).
2023-12-29 22:57:51,031 - INFO - Successfully processed the image of "https://asset.menu.starbucks.co.jp/public/sku_images/4524785558328/4524785558328_11_s.jpg" (ID: 66343f43-5927-44f0-991a-d5d8540c241f).
2023-12-29 22:57:51,032 - INFO - processig the image of "https://asset.menu.starbucks.co.jp/public/sku_images/4524785546721/4524785546721_11_s.jpg" (ID: 4f01ee4b-b2c5-4428-a8cd-d06c7ec07d4d).
2023-12-29 22:57:51,205 - INFO - Successfully processed the image of "https://asset.menu.starbucks.co.jp/public/sku_images/4524785546721/4524785546721_11_s.jpg" (ID: 4f01ee4b-b2c5-4428-a8cd-d06c7ec07d4d).
2023-12-29 22:57:51,206 - INFO - processig the image of "https://asset.menu.starbucks.co.jp/public/sku_images/4524785546745/4524785546745_11_s.jpg" (ID: 525c37f8-596e-46aa-bf35-d4a4f055ac83).
2023-12-29 22:57:51,351 - INFO - Successfully processed the image of "https://asset.menu.starbucks.co.jp/public/sku_images/4524785546745/4524785546745_11_s.jpg" (ID: 525c37f8-596e-46aa-bf35-d4a4f055ac83).
2023-12-29 22:57:51,352 - INFO - processig the image of "https://asset.menu.starbucks.co.jp/public/sku_images/4524785558335/4524785558335_11_s.jpg" (ID: 2f4a3951-40a7-4820-8211-c8ce2e706ae2).
2023-12-29 22:57:51,530 - INFO - Successfully processed the image of "https://asset.menu.starbucks.co.jp/public/sku_images/4524785558335/4524785558335_11_s.jpg" (ID: 2f4a3951-40a7-4820-8211-c8ce2e706ae2).
2023-12-29 22:57:51,531 - INFO - processig the image of "https://asset.menu.starbucks.co.jp/public/sku_images/4524785438460/4524785438460_11_s.jpg" (ID: 2f7833bc-8057-4813-b289-50c31418d080).
2023-12-29 22:57:51,699 - INFO - Successfully processed the image of "https://asset.menu.starbucks.co.jp/public/sku_images/4524785438460/4524785438460_11_s.jpg" (ID: 2f7833bc-8057-4813-b289-50c31418d080).
2023-12-29 22:57:51,700 - INFO - processig the image of "https://asset.menu.starbucks.co.jp/public/sku_images/4524785461512/4524785461512_11_s.jpg" (ID: 9c49af9b-e676-402f-b5ec-c0be61ff8b58).
2023-12-29 22:57:51,852 - INFO - Successfully processed the image of "https://asset.menu.starbucks.co.jp/public/sku_images/4524785461512/4524785461512_11_s.jpg" (ID: 9c49af9b-e676-402f-b5ec-c0be61ff8b58).
2023-12-29 22:57:51,853 - INFO - processig the image of "https://asset.menu.starbucks.co.jp/public/sku_images/4524785447462/4524785447462_11_s.jpg" (ID: 01a12656-c1da-49bd-98d8-b41337efe1e8).
2023-12-29 22:57:52,037 - INFO - Successfully processed the image of "https://asset.menu.starbucks.co.jp/public/sku_images/4524785447462/4524785447462_11_s.jpg" (ID: 01a12656-c1da-49bd-98d8-b41337efe1e8).
2023-12-29 22:57:52,037 - INFO - processig the image of "https://asset.menu.starbucks.co.jp/public/sku_images/4524785516144/4524785516144_11_s.jpg" (ID: f85979c1-241c-4139-8f63-cd6ee3b17cc5).
2023-12-29 22:57:52,206 - INFO - Successfully processed the image of "https://asset.menu.starbucks.co.jp/public/sku_images/4524785516144/4524785516144_11_s.jpg" (ID: f85979c1-241c-4139-8f63-cd6ee3b17cc5).
2023-12-29 22:57:52,207 - INFO - processig the image of "https://asset.menu.starbucks.co.jp/public/sku_images/4524785552524/4524785552524_11_s.jpg" (ID: e7f06697-6681-4f07-aa3c-61434ceb59a8).
2023-12-29 22:57:52,365 - INFO - Successfully processed the image of "https://asset.menu.starbucks.co.jp/public/sku_images/4524785552524/4524785552524_11_s.jpg" (ID: e7f06697-6681-4f07-aa3c-61434ceb59a8).
2023-12-29 22:57:52,366 - INFO - processig the image of "https://asset.menu.starbucks.co.jp/public/sku_images/4524785537392/4524785537392_11_s.jpg" (ID: fb33bc3d-3ac4-4310-80d6-93ce85d6723e).
2023-12-29 22:57:52,530 - INFO - Successfully processed the image of "https://asset.menu.starbucks.co.jp/public/sku_images/4524785537392/4524785537392_11_s.jpg" (ID: fb33bc3d-3ac4-4310-80d6-93ce85d6723e).
2023-12-29 22:57:52,531 - INFO - processig the image of "https://asset.menu.starbucks.co.jp/public/sku_images/4524785521964/4524785521964_11_s.jpg" (ID: 6439f1f2-50d5-4989-9e1b-2817f9dcb9d4).
2023-12-29 22:57:52,700 - INFO - Successfully processed the image of "https://asset.menu.starbucks.co.jp/public/sku_images/4524785521964/4524785521964_11_s.jpg" (ID: 6439f1f2-50d5-4989-9e1b-2817f9dcb9d4).
2023-12-29 22:57:52,700 - INFO - processig the image of "https://asset.menu.starbucks.co.jp/public/sku_images/4524785552517/4524785552517_11_s.jpg" (ID: 2480de04-5087-4c08-b89b-81ac9ad2e39a).
2023-12-29 22:57:52,897 - INFO - Successfully processed the image of "https://asset.menu.starbucks.co.jp/public/sku_images/4524785552517/4524785552517_11_s.jpg" (ID: 2480de04-5087-4c08-b89b-81ac9ad2e39a).
2023-12-29 22:57:52,897 - INFO - processig the image of "https://asset.menu.starbucks.co.jp/public/sku_images/4524785546769/4524785546769_11_s.jpg" (ID: 1316fe4a-124f-4b2f-9483-3de6882f7ecd).
2023-12-29 22:57:53,074 - INFO - Successfully processed the image of "https://asset.menu.starbucks.co.jp/public/sku_images/4524785546769/4524785546769_11_s.jpg" (ID: 1316fe4a-124f-4b2f-9483-3de6882f7ecd).
2023-12-29 22:57:53,074 - INFO - processig the image of "https://asset.menu.starbucks.co.jp/public/sku_images/4524785531918/4524785531918_11_s.jpg" (ID: 8b0704d6-e6d0-479b-b9d4-3a691582e38b).
2023-12-29 22:57:53,223 - INFO - Successfully processed the image of "https://asset.menu.starbucks.co.jp/public/sku_images/4524785531918/4524785531918_11_s.jpg" (ID: 8b0704d6-e6d0-479b-b9d4-3a691582e38b).
2023-12-29 22:57:53,224 - INFO - processig the image of "https://asset.menu.starbucks.co.jp/public/sku_images/4524785529779/4524785529779_11_s.jpg" (ID: bdf007d6-fdeb-4ab1-a4ed-269321f16649).
2023-12-29 22:57:53,404 - INFO - Successfully processed the image of "https://asset.menu.starbucks.co.jp/public/sku_images/4524785529779/4524785529779_11_s.jpg" (ID: bdf007d6-fdeb-4ab1-a4ed-269321f16649).
2023-12-29 22:57:53,405 - INFO - processig the image of "https://asset.menu.starbucks.co.jp/public/sku_images/4524785558342/4524785558342_11_s.jpg" (ID: e78b168c-383f-401b-a037-4f5c311b22fc).
2023-12-29 22:57:53,601 - INFO - Successfully processed the image of "https://asset.menu.starbucks.co.jp/public/sku_images/4524785558342/4524785558342_11_s.jpg" (ID: e78b168c-383f-401b-a037-4f5c311b22fc).
2023-12-29 22:57:53,601 - INFO - processig the image of "https://asset.menu.starbucks.co.jp/public/sku_images/4524785549845/4524785549845_11_s.jpg" (ID: a01401b7-30ff-4e89-b24b-d4bb56147b49).
2023-12-29 22:57:53,764 - INFO - Successfully processed the image of "https://asset.menu.starbucks.co.jp/public/sku_images/4524785549845/4524785549845_11_s.jpg" (ID: a01401b7-30ff-4e89-b24b-d4bb56147b49).
2023-12-29 22:57:53,765 - INFO - processig the image of "https://asset.menu.starbucks.co.jp/public/sku_images/4524785508422/4524785508422_11_s.jpg" (ID: 76dcc6ed-0a35-42ed-95a4-3c6219a24610).
2023-12-29 22:57:54,001 - INFO - Successfully processed the image of "https://asset.menu.starbucks.co.jp/public/sku_images/4524785508422/4524785508422_11_s.jpg" (ID: 76dcc6ed-0a35-42ed-95a4-3c6219a24610).
2023-12-29 22:57:54,001 - INFO - processig the image of "https://asset.menu.starbucks.co.jp/public/sku_images/4524785508439/4524785508439_11_s.jpg" (ID: c80b555f-c530-4e8d-8a03-9aafed8e7a03).
2023-12-29 22:57:55,251 - INFO - Successfully processed the image of "https://asset.menu.starbucks.co.jp/public/sku_images/4524785508439/4524785508439_11_s.jpg" (ID: c80b555f-c530-4e8d-8a03-9aafed8e7a03).
2023-12-29 22:57:55,251 - INFO - processig the image of "https://asset.menu.starbucks.co.jp/public/sku_images/4524785508415/4524785508415_11_s.jpg" (ID: 4c976511-21e5-4e1b-a345-7b6134191326).
2023-12-29 22:57:55,465 - INFO - Successfully processed the image of "https://asset.menu.starbucks.co.jp/public/sku_images/4524785508415/4524785508415_11_s.jpg" (ID: 4c976511-21e5-4e1b-a345-7b6134191326).
2023-12-29 22:57:55,466 - INFO - processig the image of "https://asset.menu.starbucks.co.jp/public/sku_images/4524785508446/4524785508446_11_s.jpg" (ID: 068e0631-6498-4f5e-88f3-20e467427c6c).
2023-12-29 22:57:55,681 - INFO - Successfully processed the image of "https://asset.menu.starbucks.co.jp/public/sku_images/4524785508446/4524785508446_11_s.jpg" (ID: 068e0631-6498-4f5e-88f3-20e467427c6c).
2023-12-29 22:57:55,682 - INFO - processig the image of "https://asset.menu.starbucks.co.jp/public/sku_images/4524785542655/4524785542655_11_s.jpg" (ID: 65969984-a015-494c-8f7e-2325d98c71e0).
2023-12-29 22:57:55,885 - INFO - Successfully processed the image of "https://asset.menu.starbucks.co.jp/public/sku_images/4524785542655/4524785542655_11_s.jpg" (ID: 65969984-a015-494c-8f7e-2325d98c71e0).
2023-12-29 22:57:55,886 - INFO - processig the image of "https://asset.menu.starbucks.co.jp/public/sku_images/4524785522596/4524785522596_11_s.jpg" (ID: a0452d25-c18a-4d99-b796-97a3f010be13).
2023-12-29 22:57:56,052 - INFO - Successfully processed the image of "https://asset.menu.starbucks.co.jp/public/sku_images/4524785522596/4524785522596_11_s.jpg" (ID: a0452d25-c18a-4d99-b796-97a3f010be13).
2023-12-29 22:57:56,052 - INFO - processig the image of "https://asset.menu.starbucks.co.jp/public/sku_images/4524785553934/4524785553934_11_s.jpg" (ID: 25793e64-7162-43c3-a726-61098d707907).
2023-12-29 22:57:56,238 - INFO - Successfully processed the image of "https://asset.menu.starbucks.co.jp/public/sku_images/4524785553934/4524785553934_11_s.jpg" (ID: 25793e64-7162-43c3-a726-61098d707907).
